[2022-02-14 17:35:46.651] [main] INFO  com.lian.pet.PetApplication : Starting PetApplication using Java 1.8.0_191 on LAPTOP-15Q071S3 with PID 24820 (E:\Private Project\pet-life\pet-life-main\main\target\classes started by Lian in E:\Private Project\pet-life\pet-life-main)
[2022-02-14 17:35:46.653] [main] INFO  com.lian.pet.PetApplication : The following profiles are active: dev
[2022-02-14 17:35:47.629] [main] INFO  o.s.d.r.c.RepositoryConfigurationDelegate : Multiple Spring Data modules found, entering strict repository configuration mode!
[2022-02-14 17:35:47.631] [main] INFO  o.s.d.r.c.RepositoryConfigurationDelegate : Bootstrapping Spring Data Redis repositories in DEFAULT mode.
[2022-02-14 17:35:47.741] [main] INFO  o.s.d.r.c.RepositoryConfigurationDelegate : Finished Spring Data repository scanning in 67 ms. Found 0 Redis repository interfaces.
[2022-02-14 17:35:48.667] [main] INFO  o.s.b.w.e.tomcat.TomcatWebServer : Tomcat initialized with port(s): 9998 (http)
[2022-02-14 17:35:48.753] [main] INFO  o.a.coyote.http11.Http11NioProtocol : Initializing ProtocolHandler ["http-nio-9998"]
[2022-02-14 17:35:48.755] [main] INFO  o.a.catalina.core.StandardService : Starting service [Tomcat]
[2022-02-14 17:35:48.755] [main] INFO  o.a.catalina.core.StandardEngine : Starting Servlet engine: [Apache Tomcat/9.0.56]
[2022-02-14 17:35:49.031] [main] INFO  o.a.c.c.C.[Tomcat].[localhost].[/] : Initializing Spring embedded WebApplicationContext
[2022-02-14 17:35:49.031] [main] INFO  o.s.b.w.s.c.ServletWebServerApplicationContext : Root WebApplicationContext: initialization completed in 2340 ms
[2022-02-14 17:35:50.874] [main] INFO  s.d.s.w.PropertySourcedRequestMappingHandlerMapping : Mapped URL path [/v2/api-docs] onto method [springfox.documentation.swagger2.web.Swagger2Controller#getDocumentation(String, HttpServletRequest)]
[2022-02-14 17:35:51.153] [main] INFO  o.s.b.a.s.s.UserDetailsServiceAutoConfiguration : 

Using generated security password: bf90ff9e-1230-426d-b1bb-46979778786e

[2022-02-14 17:35:51.226] [main] INFO  o.s.s.web.DefaultSecurityFilterChain : Will secure any request with [org.springframework.security.web.context.request.async.WebAsyncManagerIntegrationFilter@16c0be3b, org.springframework.security.web.context.SecurityContextPersistenceFilter@520ee6b3, org.springframework.security.web.header.HeaderWriterFilter@3a0baec0, org.springframework.security.web.authentication.logout.LogoutFilter@74450c9b, org.springframework.security.web.authentication.UsernamePasswordAuthenticationFilter@74f89bad, org.springframework.security.web.authentication.ui.DefaultLoginPageGeneratingFilter@2e62e227, org.springframework.security.web.authentication.ui.DefaultLogoutPageGeneratingFilter@219edc05, org.springframework.security.web.savedrequest.RequestCacheAwareFilter@16a499d1, org.springframework.security.web.servletapi.SecurityContextHolderAwareRequestFilter@720ffab4, org.springframework.security.web.authentication.AnonymousAuthenticationFilter@62f37bfd, org.springframework.security.web.session.SessionManagementFilter@560d6d2, org.springframework.security.web.access.ExceptionTranslationFilter@1c2b65cc, org.springframework.security.web.access.intercept.FilterSecurityInterceptor@dd060be]
[2022-02-14 17:35:51.262] [main] INFO  o.a.coyote.http11.Http11NioProtocol : Starting ProtocolHandler ["http-nio-9998"]
[2022-02-14 17:35:51.276] [main] INFO  o.s.b.w.e.tomcat.TomcatWebServer : Tomcat started on port(s): 9998 (http) with context path ''
[2022-02-14 17:35:51.277] [main] INFO  s.d.s.w.p.DocumentationPluginsBootstrapper : Context refreshed
[2022-02-14 17:35:51.290] [main] INFO  s.d.s.w.p.DocumentationPluginsBootstrapper : Found 1 custom documentation plugin(s)
[2022-02-14 17:35:51.314] [main] INFO  s.d.s.w.s.ApiListingReferenceScanner : Scanning for api listing references
[2022-02-14 17:35:51.438] [main] INFO  s.d.s.w.r.o.CachingOperationNameGenerator : Generating unique operation named: queryCountUsingGET_1
[2022-02-14 17:35:51.473] [main] INFO  s.d.s.w.r.o.CachingOperationNameGenerator : Generating unique operation named: queryCountUsingGET_2
[2022-02-14 17:35:51.494] [main] INFO  s.d.s.w.r.o.CachingOperationNameGenerator : Generating unique operation named: queryPetCirclesUsingPOST_1
[2022-02-14 17:35:51.502] [main] INFO  s.d.s.w.r.o.CachingOperationNameGenerator : Generating unique operation named: addPetAdoptUsingPOST_1
[2022-02-14 17:35:51.543] [main] INFO  com.lian.pet.PetApplication : Started PetApplication in 5.411 seconds (JVM running for 6.238)
[2022-02-14 17:36:26.469] [http-nio-9998-exec-1] INFO  o.a.c.c.C.[Tomcat].[localhost].[/] : Initializing Spring DispatcherServlet 'dispatcherServlet'
[2022-02-14 17:36:26.469] [http-nio-9998-exec-1] INFO  o.s.web.servlet.DispatcherServlet : Initializing Servlet 'dispatcherServlet'
[2022-02-14 17:36:26.470] [http-nio-9998-exec-1] INFO  o.s.web.servlet.DispatcherServlet : Completed initialization in 1 ms
[2022-02-14 17:36:26.701] [http-nio-9998-exec-1] INFO  c.l.p.c.b.config.DefaultMetaHandler : start insert fill...
[2022-02-14 17:36:26.706] [http-nio-9998-exec-1] INFO  com.zaxxer.hikari.HikariDataSource : HikariPool-1 - Starting...
[2022-02-14 17:36:26.850] [http-nio-9998-exec-1] INFO  com.zaxxer.hikari.HikariDataSource : HikariPool-1 - Start completed.
[2022-02-14 17:36:27.644] [http-nio-9998-exec-1] INFO  c.l.p.s.impl.PetCircleServiceImpl : 执行成功[发表宠物圈]
[2022-02-14 17:36:39.856] [http-nio-9998-exec-2] INFO  c.l.p.s.impl.PetCircleServiceImpl : 执行成功[查询宠物圈列表]
[2022-02-14 17:36:50.011] [http-nio-9998-exec-3] INFO  c.l.p.s.impl.PetCircleServiceImpl : 取出缓存中数据
[2022-02-14 17:39:52.324] [SpringApplicationShutdownHook] INFO  com.zaxxer.hikari.HikariDataSource : HikariPool-1 - Shutdown initiated...
[2022-02-14 17:39:52.331] [SpringApplicationShutdownHook] INFO  com.zaxxer.hikari.HikariDataSource : HikariPool-1 - Shutdown completed.
[2022-02-14 17:39:57.988] [main] INFO  com.lian.pet.PetApplication : Starting PetApplication using Java 1.8.0_191 on LAPTOP-15Q071S3 with PID 27664 (E:\Private Project\pet-life\pet-life-main\main\target\classes started by Lian in E:\Private Project\pet-life\pet-life-main)
[2022-02-14 17:39:57.990] [main] INFO  com.lian.pet.PetApplication : The following profiles are active: dev
[2022-02-14 17:39:58.680] [main] INFO  o.s.d.r.c.RepositoryConfigurationDelegate : Multiple Spring Data modules found, entering strict repository configuration mode!
[2022-02-14 17:39:58.682] [main] INFO  o.s.d.r.c.RepositoryConfigurationDelegate : Bootstrapping Spring Data Redis repositories in DEFAULT mode.
[2022-02-14 17:39:58.706] [main] INFO  o.s.d.r.c.RepositoryConfigurationDelegate : Finished Spring Data repository scanning in 12 ms. Found 0 Redis repository interfaces.
[2022-02-14 17:39:59.157] [main] INFO  o.s.b.w.e.tomcat.TomcatWebServer : Tomcat initialized with port(s): 9998 (http)
[2022-02-14 17:39:59.163] [main] INFO  o.a.coyote.http11.Http11NioProtocol : Initializing ProtocolHandler ["http-nio-9998"]
[2022-02-14 17:39:59.165] [main] INFO  o.a.catalina.core.StandardService : Starting service [Tomcat]
[2022-02-14 17:39:59.165] [main] INFO  o.a.catalina.core.StandardEngine : Starting Servlet engine: [Apache Tomcat/9.0.56]
[2022-02-14 17:39:59.238] [main] INFO  o.a.c.c.C.[Tomcat].[localhost].[/] : Initializing Spring embedded WebApplicationContext
[2022-02-14 17:39:59.238] [main] INFO  o.s.b.w.s.c.ServletWebServerApplicationContext : Root WebApplicationContext: initialization completed in 1209 ms
[2022-02-14 17:40:00.789] [main] INFO  s.d.s.w.PropertySourcedRequestMappingHandlerMapping : Mapped URL path [/v2/api-docs] onto method [springfox.documentation.swagger2.web.Swagger2Controller#getDocumentation(String, HttpServletRequest)]
[2022-02-14 17:40:01.043] [main] INFO  o.s.b.a.s.s.UserDetailsServiceAutoConfiguration : 

Using generated security password: 2002a4c2-b03b-4fe3-84bf-5e0329a6a290

[2022-02-14 17:40:01.115] [main] INFO  o.s.s.web.DefaultSecurityFilterChain : Will secure any request with [org.springframework.security.web.context.request.async.WebAsyncManagerIntegrationFilter@3cc74fc4, org.springframework.security.web.context.SecurityContextPersistenceFilter@1a77eb6, org.springframework.security.web.header.HeaderWriterFilter@795eddda, org.springframework.security.web.authentication.logout.LogoutFilter@571db8b4, org.springframework.security.web.authentication.UsernamePasswordAuthenticationFilter@65a2755e, org.springframework.security.web.authentication.ui.DefaultLoginPageGeneratingFilter@3e2d65e1, org.springframework.security.web.authentication.ui.DefaultLogoutPageGeneratingFilter@c697186, org.springframework.security.web.savedrequest.RequestCacheAwareFilter@5f9ebd5a, org.springframework.security.web.servletapi.SecurityContextHolderAwareRequestFilter@30b1c5d5, org.springframework.security.web.authentication.AnonymousAuthenticationFilter@185a7dd0, org.springframework.security.web.session.SessionManagementFilter@44392e64, org.springframework.security.web.access.ExceptionTranslationFilter@705d914f, org.springframework.security.web.access.intercept.FilterSecurityInterceptor@2aac6fa7]
[2022-02-14 17:40:01.154] [main] INFO  o.a.coyote.http11.Http11NioProtocol : Starting ProtocolHandler ["http-nio-9998"]
[2022-02-14 17:40:01.168] [main] INFO  o.s.b.w.e.tomcat.TomcatWebServer : Tomcat started on port(s): 9998 (http) with context path ''
[2022-02-14 17:40:01.170] [main] INFO  s.d.s.w.p.DocumentationPluginsBootstrapper : Context refreshed
[2022-02-14 17:40:01.183] [main] INFO  s.d.s.w.p.DocumentationPluginsBootstrapper : Found 1 custom documentation plugin(s)
[2022-02-14 17:40:01.210] [main] INFO  s.d.s.w.s.ApiListingReferenceScanner : Scanning for api listing references
[2022-02-14 17:40:01.369] [main] INFO  s.d.s.w.r.o.CachingOperationNameGenerator : Generating unique operation named: queryCountUsingGET_1
[2022-02-14 17:40:01.405] [main] INFO  s.d.s.w.r.o.CachingOperationNameGenerator : Generating unique operation named: queryCountUsingGET_2
[2022-02-14 17:40:01.426] [main] INFO  s.d.s.w.r.o.CachingOperationNameGenerator : Generating unique operation named: queryPetCirclesUsingPOST_1
[2022-02-14 17:40:01.430] [main] INFO  s.d.s.w.r.o.CachingOperationNameGenerator : Generating unique operation named: addPetAdoptUsingPOST_1
[2022-02-14 17:40:01.472] [main] INFO  com.lian.pet.PetApplication : Started PetApplication in 3.933 seconds (JVM running for 4.745)
[2022-02-14 17:42:35.098] [http-nio-9998-exec-1] INFO  o.a.c.c.C.[Tomcat].[localhost].[/] : Initializing Spring DispatcherServlet 'dispatcherServlet'
[2022-02-14 17:42:35.098] [http-nio-9998-exec-1] INFO  o.s.web.servlet.DispatcherServlet : Initializing Servlet 'dispatcherServlet'
[2022-02-14 17:42:35.099] [http-nio-9998-exec-1] INFO  o.s.web.servlet.DispatcherServlet : Completed initialization in 1 ms
[2022-02-14 17:42:35.872] [http-nio-9998-exec-1] INFO  c.l.p.s.impl.PetAdoptServiceImpl : 取出缓存中数据
[2022-02-14 17:43:01.497] [main] INFO  com.lian.pet.PetApplication : Starting PetApplication using Java 1.8.0_191 on LAPTOP-15Q071S3 with PID 16796 (E:\Private Project\pet-life\pet-life-main\main\target\classes started by Lian in E:\Private Project\pet-life\pet-life-main)
[2022-02-14 17:43:01.499] [main] INFO  com.lian.pet.PetApplication : The following profiles are active: dev
[2022-02-14 17:43:02.133] [main] INFO  o.s.d.r.c.RepositoryConfigurationDelegate : Multiple Spring Data modules found, entering strict repository configuration mode!
[2022-02-14 17:43:02.135] [main] INFO  o.s.d.r.c.RepositoryConfigurationDelegate : Bootstrapping Spring Data Redis repositories in DEFAULT mode.
[2022-02-14 17:43:02.158] [main] INFO  o.s.d.r.c.RepositoryConfigurationDelegate : Finished Spring Data repository scanning in 11 ms. Found 0 Redis repository interfaces.
[2022-02-14 17:43:02.626] [main] INFO  o.s.b.w.e.tomcat.TomcatWebServer : Tomcat initialized with port(s): 9998 (http)
[2022-02-14 17:43:02.633] [main] INFO  o.a.coyote.http11.Http11NioProtocol : Initializing ProtocolHandler ["http-nio-9998"]
[2022-02-14 17:43:02.634] [main] INFO  o.a.catalina.core.StandardService : Starting service [Tomcat]
[2022-02-14 17:43:02.634] [main] INFO  o.a.catalina.core.StandardEngine : Starting Servlet engine: [Apache Tomcat/9.0.56]
[2022-02-14 17:43:02.702] [main] INFO  o.a.c.c.C.[Tomcat].[localhost].[/] : Initializing Spring embedded WebApplicationContext
[2022-02-14 17:43:02.702] [main] INFO  o.s.b.w.s.c.ServletWebServerApplicationContext : Root WebApplicationContext: initialization completed in 1170 ms
[2022-02-14 17:43:04.220] [main] INFO  s.d.s.w.PropertySourcedRequestMappingHandlerMapping : Mapped URL path [/v2/api-docs] onto method [springfox.documentation.swagger2.web.Swagger2Controller#getDocumentation(String, HttpServletRequest)]
[2022-02-14 17:43:04.469] [main] INFO  o.s.b.a.s.s.UserDetailsServiceAutoConfiguration : 

Using generated security password: 84439c7f-76eb-459d-9dc2-b29a88216720

[2022-02-14 17:43:04.538] [main] INFO  o.s.s.web.DefaultSecurityFilterChain : Will secure any request with [org.springframework.security.web.context.request.async.WebAsyncManagerIntegrationFilter@4a5fab78, org.springframework.security.web.context.SecurityContextPersistenceFilter@5e05a706, org.springframework.security.web.header.HeaderWriterFilter@124ff64d, org.springframework.security.web.authentication.logout.LogoutFilter@5b895e76, org.springframework.security.web.authentication.UsernamePasswordAuthenticationFilter@74231642, org.springframework.security.web.authentication.ui.DefaultLoginPageGeneratingFilter@2c02a007, org.springframework.security.web.authentication.ui.DefaultLogoutPageGeneratingFilter@77a85e76, org.springframework.security.web.savedrequest.RequestCacheAwareFilter@3a69014e, org.springframework.security.web.servletapi.SecurityContextHolderAwareRequestFilter@7323c38c, org.springframework.security.web.authentication.AnonymousAuthenticationFilter@2cebf82f, org.springframework.security.web.session.SessionManagementFilter@79777da7, org.springframework.security.web.access.ExceptionTranslationFilter@5018b56b, org.springframework.security.web.access.intercept.FilterSecurityInterceptor@764db16c]
[2022-02-14 17:43:04.575] [main] INFO  o.a.coyote.http11.Http11NioProtocol : Starting ProtocolHandler ["http-nio-9998"]
[2022-02-14 17:43:04.589] [main] INFO  o.s.b.w.e.tomcat.TomcatWebServer : Tomcat started on port(s): 9998 (http) with context path ''
[2022-02-14 17:43:04.590] [main] INFO  s.d.s.w.p.DocumentationPluginsBootstrapper : Context refreshed
[2022-02-14 17:43:04.606] [main] INFO  s.d.s.w.p.DocumentationPluginsBootstrapper : Found 1 custom documentation plugin(s)
[2022-02-14 17:43:04.633] [main] INFO  s.d.s.w.s.ApiListingReferenceScanner : Scanning for api listing references
[2022-02-14 17:43:04.779] [main] INFO  s.d.s.w.r.o.CachingOperationNameGenerator : Generating unique operation named: queryCountUsingGET_1
[2022-02-14 17:43:04.827] [main] INFO  s.d.s.w.r.o.CachingOperationNameGenerator : Generating unique operation named: queryCountUsingGET_2
[2022-02-14 17:43:04.848] [main] INFO  s.d.s.w.r.o.CachingOperationNameGenerator : Generating unique operation named: queryPetCirclesUsingPOST_1
[2022-02-14 17:43:04.851] [main] INFO  s.d.s.w.r.o.CachingOperationNameGenerator : Generating unique operation named: addPetAdoptUsingPOST_1
[2022-02-14 17:43:04.922] [main] INFO  com.lian.pet.PetApplication : Started PetApplication in 3.919 seconds (JVM running for 4.627)
[2022-02-14 17:43:07.132] [http-nio-9998-exec-1] INFO  o.a.c.c.C.[Tomcat].[localhost].[/] : Initializing Spring DispatcherServlet 'dispatcherServlet'
[2022-02-14 17:43:07.132] [http-nio-9998-exec-1] INFO  o.s.web.servlet.DispatcherServlet : Initializing Servlet 'dispatcherServlet'
[2022-02-14 17:43:07.133] [http-nio-9998-exec-1] INFO  o.s.web.servlet.DispatcherServlet : Completed initialization in 1 ms
[2022-02-14 17:43:07.956] [http-nio-9998-exec-1] INFO  com.zaxxer.hikari.HikariDataSource : HikariPool-1 - Starting...
[2022-02-14 17:43:08.062] [http-nio-9998-exec-1] INFO  com.zaxxer.hikari.HikariDataSource : HikariPool-1 - Start completed.
[2022-02-14 17:43:08.161] [http-nio-9998-exec-1] INFO  c.l.p.s.impl.PetAdoptServiceImpl : 执行成功[查询领养列表]
[2022-02-14 17:43:18.429] [http-nio-9998-exec-2] ERROR o.a.c.c.C.[.[.[.[dispatcherServlet] : Servlet.service() for servlet [dispatcherServlet] in context with path [] threw exception [Request processing failed; nested exception is com.alibaba.fastjson.JSONException: default constructor not found. class com.lian.pet.domain.vo.PetAdoptVO] with root cause
com.alibaba.fastjson.JSONException: default constructor not found. class com.lian.pet.domain.vo.PetAdoptVO
	at com.alibaba.fastjson.util.JavaBeanInfo.build(JavaBeanInfo.java:574)
	at com.alibaba.fastjson.parser.ParserConfig.createJavaBeanDeserializer(ParserConfig.java:1002)
	at com.alibaba.fastjson.parser.ParserConfig.getDeserializer(ParserConfig.java:888)
	at com.alibaba.fastjson.parser.ParserConfig.getDeserializer(ParserConfig.java:593)
	at com.alibaba.fastjson.parser.deserializer.ArrayListTypeFieldDeserializer.parseArray(ArrayListTypeFieldDeserializer.java:166)
	at com.alibaba.fastjson.parser.deserializer.ArrayListTypeFieldDeserializer.parseField(ArrayListTypeFieldDeserializer.java:70)
	at com.alibaba.fastjson.parser.deserializer.JavaBeanDeserializer.deserialze(JavaBeanDeserializer.java:862)
	at com.alibaba.fastjson.parser.deserializer.JavaBeanDeserializer.deserialze(JavaBeanDeserializer.java:295)
	at com.alibaba.fastjson.parser.DefaultJSONParser.parseObject(DefaultJSONParser.java:706)
	at com.alibaba.fastjson.JSON.parseObject(JSON.java:394)
	at com.alibaba.fastjson.JSON.parseObject(JSON.java:298)
	at com.alibaba.fastjson.JSON.parseObject(JSON.java:588)
	at com.lian.pet.service.impl.PetAdoptServiceImpl.queryAdoptList(PetAdoptServiceImpl.java:61)
	at com.lian.pet.controller.PetAdoptController.queryPetAdopts(PetAdoptController.java:51)
	at sun.reflect.NativeMethodAccessorImpl.invoke0(Native Method)
	at sun.reflect.NativeMethodAccessorImpl.invoke(NativeMethodAccessorImpl.java:62)
	at sun.reflect.DelegatingMethodAccessorImpl.invoke(DelegatingMethodAccessorImpl.java:43)
	at java.lang.reflect.Method.invoke(Method.java:498)
	at org.springframework.web.method.support.InvocableHandlerMethod.doInvoke(InvocableHandlerMethod.java:205)
	at org.springframework.web.method.support.InvocableHandlerMethod.invokeForRequest(InvocableHandlerMethod.java:150)
	at org.springframework.web.servlet.mvc.method.annotation.ServletInvocableHandlerMethod.invokeAndHandle(ServletInvocableHandlerMethod.java:117)
	at org.springframework.web.servlet.mvc.method.annotation.RequestMappingHandlerAdapter.invokeHandlerMethod(RequestMappingHandlerAdapter.java:895)
	at org.springframework.web.servlet.mvc.method.annotation.RequestMappingHandlerAdapter.handleInternal(RequestMappingHandlerAdapter.java:808)
	at org.springframework.web.servlet.mvc.method.AbstractHandlerMethodAdapter.handle(AbstractHandlerMethodAdapter.java:87)
	at org.springframework.web.servlet.DispatcherServlet.doDispatch(DispatcherServlet.java:1067)
	at org.springframework.web.servlet.DispatcherServlet.doService(DispatcherServlet.java:963)
	at org.springframework.web.servlet.FrameworkServlet.processRequest(FrameworkServlet.java:1006)
	at org.springframework.web.servlet.FrameworkServlet.doPost(FrameworkServlet.java:909)
	at javax.servlet.http.HttpServlet.service(HttpServlet.java:681)
	at org.springframework.web.servlet.FrameworkServlet.service(FrameworkServlet.java:883)
	at javax.servlet.http.HttpServlet.service(HttpServlet.java:764)
	at org.apache.catalina.core.ApplicationFilterChain.internalDoFilter(ApplicationFilterChain.java:227)
	at org.apache.catalina.core.ApplicationFilterChain.doFilter(ApplicationFilterChain.java:162)
	at org.apache.tomcat.websocket.server.WsFilter.doFilter(WsFilter.java:53)
	at org.apache.catalina.core.ApplicationFilterChain.internalDoFilter(ApplicationFilterChain.java:189)
	at org.apache.catalina.core.ApplicationFilterChain.doFilter(ApplicationFilterChain.java:162)
	at org.springframework.security.web.FilterChainProxy$VirtualFilterChain.doFilter(FilterChainProxy.java:327)
	at org.springframework.security.web.access.intercept.FilterSecurityInterceptor.invoke(FilterSecurityInterceptor.java:115)
	at org.springframework.security.web.access.intercept.FilterSecurityInterceptor.doFilter(FilterSecurityInterceptor.java:81)
	at org.springframework.security.web.FilterChainProxy$VirtualFilterChain.doFilter(FilterChainProxy.java:336)
	at org.springframework.security.web.access.ExceptionTranslationFilter.doFilter(ExceptionTranslationFilter.java:122)
	at org.springframework.security.web.access.ExceptionTranslationFilter.doFilter(ExceptionTranslationFilter.java:116)
	at org.springframework.security.web.FilterChainProxy$VirtualFilterChain.doFilter(FilterChainProxy.java:336)
	at org.springframework.security.web.session.SessionManagementFilter.doFilter(SessionManagementFilter.java:126)
	at org.springframework.security.web.session.SessionManagementFilter.doFilter(SessionManagementFilter.java:81)
	at org.springframework.security.web.FilterChainProxy$VirtualFilterChain.doFilter(FilterChainProxy.java:336)
	at org.springframework.security.web.authentication.AnonymousAuthenticationFilter.doFilter(AnonymousAuthenticationFilter.java:109)
	at org.springframework.security.web.FilterChainProxy$VirtualFilterChain.doFilter(FilterChainProxy.java:336)
	at org.springframework.security.web.servletapi.SecurityContextHolderAwareRequestFilter.doFilter(SecurityContextHolderAwareRequestFilter.java:149)
	at org.springframework.security.web.FilterChainProxy$VirtualFilterChain.doFilter(FilterChainProxy.java:336)
	at org.springframework.security.web.savedrequest.RequestCacheAwareFilter.doFilter(RequestCacheAwareFilter.java:63)
	at org.springframework.security.web.FilterChainProxy$VirtualFilterChain.doFilter(FilterChainProxy.java:336)
	at org.springframework.security.web.authentication.ui.DefaultLogoutPageGeneratingFilter.doFilterInternal(DefaultLogoutPageGeneratingFilter.java:58)
	at org.springframework.web.filter.OncePerRequestFilter.doFilter(OncePerRequestFilter.java:117)
	at org.springframework.security.web.FilterChainProxy$VirtualFilterChain.doFilter(FilterChainProxy.java:336)
	at org.springframework.security.web.authentication.ui.DefaultLoginPageGeneratingFilter.doFilter(DefaultLoginPageGeneratingFilter.java:237)
	at org.springframework.security.web.authentication.ui.DefaultLoginPageGeneratingFilter.doFilter(DefaultLoginPageGeneratingFilter.java:223)
	at org.springframework.security.web.FilterChainProxy$VirtualFilterChain.doFilter(FilterChainProxy.java:336)
	at org.springframework.security.web.authentication.AbstractAuthenticationProcessingFilter.doFilter(AbstractAuthenticationProcessingFilter.java:219)
	at org.springframework.security.web.authentication.AbstractAuthenticationProcessingFilter.doFilter(AbstractAuthenticationProcessingFilter.java:213)
	at org.springframework.security.web.FilterChainProxy$VirtualFilterChain.doFilter(FilterChainProxy.java:336)
	at org.springframework.security.web.authentication.logout.LogoutFilter.doFilter(LogoutFilter.java:103)
	at org.springframework.security.web.authentication.logout.LogoutFilter.doFilter(LogoutFilter.java:89)
	at org.springframework.security.web.FilterChainProxy$VirtualFilterChain.doFilter(FilterChainProxy.java:336)
	at org.springframework.security.web.header.HeaderWriterFilter.doHeadersAfter(HeaderWriterFilter.java:90)
	at org.springframework.security.web.header.HeaderWriterFilter.doFilterInternal(HeaderWriterFilter.java:75)
	at org.springframework.web.filter.OncePerRequestFilter.doFilter(OncePerRequestFilter.java:117)
	at org.springframework.security.web.FilterChainProxy$VirtualFilterChain.doFilter(FilterChainProxy.java:336)
	at org.springframework.security.web.context.SecurityContextPersistenceFilter.doFilter(SecurityContextPersistenceFilter.java:110)
	at org.springframework.security.web.context.SecurityContextPersistenceFilter.doFilter(SecurityContextPersistenceFilter.java:80)
	at org.springframework.security.web.FilterChainProxy$VirtualFilterChain.doFilter(FilterChainProxy.java:336)
	at org.springframework.security.web.context.request.async.WebAsyncManagerIntegrationFilter.doFilterInternal(WebAsyncManagerIntegrationFilter.java:55)
	at org.springframework.web.filter.OncePerRequestFilter.doFilter(OncePerRequestFilter.java:117)
	at org.springframework.security.web.FilterChainProxy$VirtualFilterChain.doFilter(FilterChainProxy.java:336)
	at org.springframework.security.web.FilterChainProxy.doFilterInternal(FilterChainProxy.java:211)
	at org.springframework.security.web.FilterChainProxy.doFilter(FilterChainProxy.java:183)
	at org.springframework.web.filter.DelegatingFilterProxy.invokeDelegate(DelegatingFilterProxy.java:354)
	at org.springframework.web.filter.DelegatingFilterProxy.doFilter(DelegatingFilterProxy.java:267)
	at org.apache.catalina.core.ApplicationFilterChain.internalDoFilter(ApplicationFilterChain.java:189)
	at org.apache.catalina.core.ApplicationFilterChain.doFilter(ApplicationFilterChain.java:162)
	at org.springframework.web.filter.RequestContextFilter.doFilterInternal(RequestContextFilter.java:100)
	at org.springframework.web.filter.OncePerRequestFilter.doFilter(OncePerRequestFilter.java:117)
	at org.apache.catalina.core.ApplicationFilterChain.internalDoFilter(ApplicationFilterChain.java:189)
	at org.apache.catalina.core.ApplicationFilterChain.doFilter(ApplicationFilterChain.java:162)
	at org.springframework.web.filter.FormContentFilter.doFilterInternal(FormContentFilter.java:93)
	at org.springframework.web.filter.OncePerRequestFilter.doFilter(OncePerRequestFilter.java:117)
	at org.apache.catalina.core.ApplicationFilterChain.internalDoFilter(ApplicationFilterChain.java:189)
	at org.apache.catalina.core.ApplicationFilterChain.doFilter(ApplicationFilterChain.java:162)
	at org.springframework.web.filter.CharacterEncodingFilter.doFilterInternal(CharacterEncodingFilter.java:201)
	at org.springframework.web.filter.OncePerRequestFilter.doFilter(OncePerRequestFilter.java:117)
	at org.apache.catalina.core.ApplicationFilterChain.internalDoFilter(ApplicationFilterChain.java:189)
	at org.apache.catalina.core.ApplicationFilterChain.doFilter(ApplicationFilterChain.java:162)
	at org.apache.catalina.core.StandardWrapperValve.invoke(StandardWrapperValve.java:197)
	at org.apache.catalina.core.StandardContextValve.invoke(StandardContextValve.java:97)
	at org.apache.catalina.authenticator.AuthenticatorBase.invoke(AuthenticatorBase.java:540)
	at org.apache.catalina.core.StandardHostValve.invoke(StandardHostValve.java:135)
	at org.apache.catalina.valves.ErrorReportValve.invoke(ErrorReportValve.java:92)
	at org.apache.catalina.core.StandardEngineValve.invoke(StandardEngineValve.java:78)
	at org.apache.catalina.connector.CoyoteAdapter.service(CoyoteAdapter.java:357)
	at org.apache.coyote.http11.Http11Processor.service(Http11Processor.java:382)
	at org.apache.coyote.AbstractProcessorLight.process(AbstractProcessorLight.java:65)
	at org.apache.coyote.AbstractProtocol$ConnectionHandler.process(AbstractProtocol.java:895)
	at org.apache.tomcat.util.net.NioEndpoint$SocketProcessor.doRun(NioEndpoint.java:1732)
	at org.apache.tomcat.util.net.SocketProcessorBase.run(SocketProcessorBase.java:49)
	at org.apache.tomcat.util.threads.ThreadPoolExecutor.runWorker(ThreadPoolExecutor.java:1191)
	at org.apache.tomcat.util.threads.ThreadPoolExecutor$Worker.run(ThreadPoolExecutor.java:659)
	at org.apache.tomcat.util.threads.TaskThread$WrappingRunnable.run(TaskThread.java:61)
	at java.lang.Thread.run(Thread.java:748)
[2022-02-14 17:44:20.195] [SpringApplicationShutdownHook] INFO  com.zaxxer.hikari.HikariDataSource : HikariPool-1 - Shutdown initiated...
[2022-02-14 17:44:20.207] [SpringApplicationShutdownHook] INFO  com.zaxxer.hikari.HikariDataSource : HikariPool-1 - Shutdown completed.
[2022-02-14 17:44:25.078] [main] INFO  com.lian.pet.PetApplication : Starting PetApplication using Java 1.8.0_191 on LAPTOP-15Q071S3 with PID 3128 (E:\Private Project\pet-life\pet-life-main\main\target\classes started by Lian in E:\Private Project\pet-life\pet-life-main)
[2022-02-14 17:44:25.080] [main] INFO  com.lian.pet.PetApplication : The following profiles are active: dev
[2022-02-14 17:44:25.799] [main] INFO  o.s.d.r.c.RepositoryConfigurationDelegate : Multiple Spring Data modules found, entering strict repository configuration mode!
[2022-02-14 17:44:25.802] [main] INFO  o.s.d.r.c.RepositoryConfigurationDelegate : Bootstrapping Spring Data Redis repositories in DEFAULT mode.
[2022-02-14 17:44:25.835] [main] INFO  o.s.d.r.c.RepositoryConfigurationDelegate : Finished Spring Data repository scanning in 16 ms. Found 0 Redis repository interfaces.
[2022-02-14 17:44:26.326] [main] INFO  o.s.b.w.e.tomcat.TomcatWebServer : Tomcat initialized with port(s): 9998 (http)
[2022-02-14 17:44:26.333] [main] INFO  o.a.coyote.http11.Http11NioProtocol : Initializing ProtocolHandler ["http-nio-9998"]
[2022-02-14 17:44:26.334] [main] INFO  o.a.catalina.core.StandardService : Starting service [Tomcat]
[2022-02-14 17:44:26.334] [main] INFO  o.a.catalina.core.StandardEngine : Starting Servlet engine: [Apache Tomcat/9.0.56]
[2022-02-14 17:44:26.404] [main] INFO  o.a.c.c.C.[Tomcat].[localhost].[/] : Initializing Spring embedded WebApplicationContext
[2022-02-14 17:44:26.404] [main] INFO  o.s.b.w.s.c.ServletWebServerApplicationContext : Root WebApplicationContext: initialization completed in 1280 ms
[2022-02-14 17:44:27.953] [main] INFO  s.d.s.w.PropertySourcedRequestMappingHandlerMapping : Mapped URL path [/v2/api-docs] onto method [springfox.documentation.swagger2.web.Swagger2Controller#getDocumentation(String, HttpServletRequest)]
[2022-02-14 17:44:28.270] [main] INFO  o.s.b.a.s.s.UserDetailsServiceAutoConfiguration : 

Using generated security password: 7ff7745f-dd35-4ba3-9661-724d594acb57

[2022-02-14 17:44:28.348] [main] INFO  o.s.s.web.DefaultSecurityFilterChain : Will secure any request with [org.springframework.security.web.context.request.async.WebAsyncManagerIntegrationFilter@4fe4503a, org.springframework.security.web.context.SecurityContextPersistenceFilter@19c1f6f4, org.springframework.security.web.header.HeaderWriterFilter@68360fb9, org.springframework.security.web.authentication.logout.LogoutFilter@2211e731, org.springframework.security.web.authentication.UsernamePasswordAuthenticationFilter@73e399cc, org.springframework.security.web.authentication.ui.DefaultLoginPageGeneratingFilter@603c2dee, org.springframework.security.web.authentication.ui.DefaultLogoutPageGeneratingFilter@669580e2, org.springframework.security.web.savedrequest.RequestCacheAwareFilter@3d02ff64, org.springframework.security.web.servletapi.SecurityContextHolderAwareRequestFilter@718ad3a6, org.springframework.security.web.authentication.AnonymousAuthenticationFilter@5d22ed6c, org.springframework.security.web.session.SessionManagementFilter@67b3960b, org.springframework.security.web.access.ExceptionTranslationFilter@43090195, org.springframework.security.web.access.intercept.FilterSecurityInterceptor@24010875]
[2022-02-14 17:44:28.391] [main] INFO  o.a.coyote.http11.Http11NioProtocol : Starting ProtocolHandler ["http-nio-9998"]
[2022-02-14 17:44:28.406] [main] INFO  o.s.b.w.e.tomcat.TomcatWebServer : Tomcat started on port(s): 9998 (http) with context path ''
[2022-02-14 17:44:28.407] [main] INFO  s.d.s.w.p.DocumentationPluginsBootstrapper : Context refreshed
[2022-02-14 17:44:28.421] [main] INFO  s.d.s.w.p.DocumentationPluginsBootstrapper : Found 1 custom documentation plugin(s)
[2022-02-14 17:44:28.451] [main] INFO  s.d.s.w.s.ApiListingReferenceScanner : Scanning for api listing references
[2022-02-14 17:44:28.598] [main] INFO  s.d.s.w.r.o.CachingOperationNameGenerator : Generating unique operation named: queryCountUsingGET_1
[2022-02-14 17:44:28.636] [main] INFO  s.d.s.w.r.o.CachingOperationNameGenerator : Generating unique operation named: queryCountUsingGET_2
[2022-02-14 17:44:28.658] [main] INFO  s.d.s.w.r.o.CachingOperationNameGenerator : Generating unique operation named: queryPetCirclesUsingPOST_1
[2022-02-14 17:44:28.662] [main] INFO  s.d.s.w.r.o.CachingOperationNameGenerator : Generating unique operation named: addPetAdoptUsingPOST_1
[2022-02-14 17:44:28.700] [main] INFO  com.lian.pet.PetApplication : Started PetApplication in 4.136 seconds (JVM running for 4.929)
[2022-02-14 17:44:31.074] [http-nio-9998-exec-1] INFO  o.a.c.c.C.[Tomcat].[localhost].[/] : Initializing Spring DispatcherServlet 'dispatcherServlet'
[2022-02-14 17:44:31.075] [http-nio-9998-exec-1] INFO  o.s.web.servlet.DispatcherServlet : Initializing Servlet 'dispatcherServlet'
[2022-02-14 17:44:31.076] [http-nio-9998-exec-1] INFO  o.s.web.servlet.DispatcherServlet : Completed initialization in 1 ms
[2022-02-14 17:44:31.875] [http-nio-9998-exec-1] INFO  c.l.p.s.impl.PetAdoptServiceImpl : 取出缓存中数据
